[2022-12-15 22:09:05] local.ERROR: syntax error, unexpected token ")" {"exception":"[object] (ParseError(code: 0): syntax error, unexpected token \")\" at /var/www/vendor/symfony/var-dumper/Dumper/AbstractDumper.php:74)
[stacktrace]
#0 /var/www/vendor/composer/ClassLoader.php(428): Composer\\Autoload\\includeFile('/var/www/vendor...')
#1 /var/www/vendor/symfony/var-dumper/Dumper/CliDumper.php(22): Composer\\Autoload\\ClassLoader->loadClass('Symfony\\\\Compone...')
#2 /var/www/vendor/composer/ClassLoader.php(571): include('/var/www/vendor...')
#3 /var/www/vendor/composer/ClassLoader.php(428): Composer\\Autoload\\includeFile('/var/www/vendor...')
#4 /var/www/vendor/laravel/framework/src/Illuminate/Foundation/Console/CliDumper.php(13): Composer\\Autoload\\ClassLoader->loadClass('Symfony\\\\Compone...')
#5 /var/www/vendor/composer/ClassLoader.php(571): include('/var/www/vendor...')
#6 /var/www/vendor/composer/ClassLoader.php(428): Composer\\Autoload\\includeFile('/var/www/vendor...')
#7 /var/www/vendor/laravel/framework/src/Illuminate/Foundation/Providers/FoundationServiceProvider.php(101): Composer\\Autoload\\ClassLoader->loadClass('Illuminate\\\\Foun...')
#8 /var/www/vendor/laravel/framework/src/Illuminate/Foundation/Providers/FoundationServiceProvider.php(70): Illuminate\\Foundation\\Providers\\FoundationServiceProvider->registerDumper()
#9 /var/www/vendor/laravel/framework/src/Illuminate/Foundation/Application.php(689): Illuminate\\Foundation\\Providers\\FoundationServiceProvider->register()
#10 /var/www/vendor/laravel/framework/src/Illuminate/Foundation/ProviderRepository.php(75): Illuminate\\Foundation\\Application->register(Object(Illuminate\\Foundation\\Providers\\FoundationServiceProvider))
#11 /var/www/vendor/laravel/framework/src/Illuminate/Foundation/Application.php(666): Illuminate\\Foundation\\ProviderRepository->load(Array)
#12 /var/www/vendor/laravel/framework/src/Illuminate/Foundation/Bootstrap/RegisterProviders.php(17): Illuminate\\Foundation\\Application->registerConfiguredProviders()
#13 /var/www/vendor/laravel/framework/src/Illuminate/Foundation/Application.php(242): Illuminate\\Foundation\\Bootstrap\\RegisterProviders->bootstrap(Object(Illuminate\\Foundation\\Application))
#14 /var/www/vendor/laravel/framework/src/Illuminate/Foundation/Console/Kernel.php(383): Illuminate\\Foundation\\Application->bootstrapWith(Array)
#15 /var/www/vendor/laravel/framework/src/Illuminate/Foundation/Console/Kernel.php(153): Illuminate\\Foundation\\Console\\Kernel->bootstrap()
#16 /var/www/artisan(37): Illuminate\\Foundation\\Console\\Kernel->handle(Object(Symfony\\Component\\Console\\Input\\ArgvInput), Object(Symfony\\Component\\Console\\Output\\ConsoleOutput))
#17 {main}
"} 
[2022-12-15 22:09:05] local.ERROR: syntax error, unexpected identifier "AnsiColorMode" {"exception":"[object] (ParseError(code: 0): syntax error, unexpected identifier \"AnsiColorMode\" at /var/www/vendor/symfony/console/Output/AnsiColorMode.php:20)
[stacktrace]
#0 /var/www/vendor/composer/ClassLoader.php(428): Composer\\Autoload\\includeFile('/var/www/vendor...')
#1 /var/www/vendor/symfony/console/Application.php(97): Composer\\Autoload\\ClassLoader->loadClass('Symfony\\\\Compone...')
#2 /var/www/vendor/laravel/framework/src/Illuminate/Foundation/Exceptions/Handler.php(754): Symfony\\Component\\Console\\Application->__construct()
#3 /var/www/vendor/laravel/framework/src/Illuminate/Foundation/Console/Kernel.php(466): Illuminate\\Foundation\\Exceptions\\Handler->renderForConsole(Object(Symfony\\Component\\Console\\Output\\ConsoleOutput), Object(ParseError))
#4 /var/www/vendor/laravel/framework/src/Illuminate/Foundation/Console/Kernel.php(159): Illuminate\\Foundation\\Console\\Kernel->renderException(Object(Symfony\\Component\\Console\\Output\\ConsoleOutput), Object(ParseError))
#5 /var/www/artisan(37): Illuminate\\Foundation\\Console\\Kernel->handle(Object(Symfony\\Component\\Console\\Input\\ArgvInput), Object(Symfony\\Component\\Console\\Output\\ConsoleOutput))
#6 {main}
"} 
[2022-12-15 22:13:24] local.ERROR: syntax error, unexpected token ")" {"exception":"[object] (ParseError(code: 0): syntax error, unexpected token \")\" at /var/www/vendor/symfony/var-dumper/Dumper/AbstractDumper.php:74)
[stacktrace]
#0 /var/www/vendor/composer/ClassLoader.php(428): Composer\\Autoload\\includeFile('/var/www/vendor...')
#1 /var/www/vendor/symfony/var-dumper/Dumper/CliDumper.php(22): Composer\\Autoload\\ClassLoader->loadClass('Symfony\\\\Compone...')
#2 /var/www/vendor/composer/ClassLoader.php(571): include('/var/www/vendor...')
#3 /var/www/vendor/composer/ClassLoader.php(428): Composer\\Autoload\\includeFile('/var/www/vendor...')
#4 /var/www/vendor/laravel/framework/src/Illuminate/Foundation/Console/CliDumper.php(13): Composer\\Autoload\\ClassLoader->loadClass('Symfony\\\\Compone...')
#5 /var/www/vendor/composer/ClassLoader.php(571): include('/var/www/vendor...')
#6 /var/www/vendor/composer/ClassLoader.php(428): Composer\\Autoload\\includeFile('/var/www/vendor...')
#7 /var/www/vendor/laravel/framework/src/Illuminate/Foundation/Providers/FoundationServiceProvider.php(101): Composer\\Autoload\\ClassLoader->loadClass('Illuminate\\\\Foun...')
#8 /var/www/vendor/laravel/framework/src/Illuminate/Foundation/Providers/FoundationServiceProvider.php(70): Illuminate\\Foundation\\Providers\\FoundationServiceProvider->registerDumper()
#9 /var/www/vendor/laravel/framework/src/Illuminate/Foundation/Application.php(689): Illuminate\\Foundation\\Providers\\FoundationServiceProvider->register()
#10 /var/www/vendor/laravel/framework/src/Illuminate/Foundation/ProviderRepository.php(75): Illuminate\\Foundation\\Application->register(Object(Illuminate\\Foundation\\Providers\\FoundationServiceProvider))
#11 /var/www/vendor/laravel/framework/src/Illuminate/Foundation/Application.php(666): Illuminate\\Foundation\\ProviderRepository->load(Array)
#12 /var/www/vendor/laravel/framework/src/Illuminate/Foundation/Bootstrap/RegisterProviders.php(17): Illuminate\\Foundation\\Application->registerConfiguredProviders()
#13 /var/www/vendor/laravel/framework/src/Illuminate/Foundation/Application.php(242): Illuminate\\Foundation\\Bootstrap\\RegisterProviders->bootstrap(Object(Illuminate\\Foundation\\Application))
#14 /var/www/vendor/laravel/framework/src/Illuminate/Foundation/Console/Kernel.php(383): Illuminate\\Foundation\\Application->bootstrapWith(Array)
#15 /var/www/vendor/laravel/framework/src/Illuminate/Foundation/Console/Kernel.php(153): Illuminate\\Foundation\\Console\\Kernel->bootstrap()
#16 /var/www/artisan(37): Illuminate\\Foundation\\Console\\Kernel->handle(Object(Symfony\\Component\\Console\\Input\\ArgvInput), Object(Symfony\\Component\\Console\\Output\\ConsoleOutput))
#17 {main}
"} 
[2022-12-15 22:13:24] local.ERROR: syntax error, unexpected identifier "AnsiColorMode" {"exception":"[object] (ParseError(code: 0): syntax error, unexpected identifier \"AnsiColorMode\" at /var/www/vendor/symfony/console/Output/AnsiColorMode.php:20)
[stacktrace]
#0 /var/www/vendor/composer/ClassLoader.php(428): Composer\\Autoload\\includeFile('/var/www/vendor...')
#1 /var/www/vendor/symfony/console/Application.php(97): Composer\\Autoload\\ClassLoader->loadClass('Symfony\\\\Compone...')
#2 /var/www/vendor/laravel/framework/src/Illuminate/Foundation/Exceptions/Handler.php(754): Symfony\\Component\\Console\\Application->__construct()
#3 /var/www/vendor/laravel/framework/src/Illuminate/Foundation/Console/Kernel.php(466): Illuminate\\Foundation\\Exceptions\\Handler->renderForConsole(Object(Symfony\\Component\\Console\\Output\\ConsoleOutput), Object(ParseError))
#4 /var/www/vendor/laravel/framework/src/Illuminate/Foundation/Console/Kernel.php(159): Illuminate\\Foundation\\Console\\Kernel->renderException(Object(Symfony\\Component\\Console\\Output\\ConsoleOutput), Object(ParseError))
#5 /var/www/artisan(37): Illuminate\\Foundation\\Console\\Kernel->handle(Object(Symfony\\Component\\Console\\Input\\ArgvInput), Object(Symfony\\Component\\Console\\Output\\ConsoleOutput))
#6 {main}
"} 
